2024-06-08 14:06:28 - HV000001: Hibernate Validator 8.0.1.Final
2024-06-08 14:06:29 - Starting PizzariaApplication using Java 17.0.8.1 with PID 15408 (C:\Users\Guilherme\Documents\My\Full_Stack_Projects\PizzaErick\backend\target\classes started by Guilherme in C:\Users\Guilherme\Documents\My\Full_Stack_Projects\PizzaErick\backend)
2024-06-08 14:06:29 - No active profile set, falling back to 1 default profile: "default"
2024-06-08 14:06:30 - Bootstrapping Spring Data JPA repositories in DEFAULT mode.
2024-06-08 14:06:30 - Finished Spring Data repository scanning in 89 ms. Found 7 JPA repository interfaces.
2024-06-08 14:06:31 - Tomcat initialized with port(s): 443 (https)
2024-06-08 14:06:31 - Initializing ProtocolHandler ["https-jsse-nio-443"]
2024-06-08 14:06:31 - Starting service [Tomcat]
2024-06-08 14:06:31 - Starting Servlet engine: [Apache Tomcat/10.1.11]
2024-06-08 14:06:31 - Initializing Spring embedded WebApplicationContext
2024-06-08 14:06:31 - Root WebApplicationContext: initialization completed in 2793 ms
2024-06-08 14:06:32 - HHH000204: Processing PersistenceUnitInfo [name: default]
2024-06-08 14:06:32 - HHH000412: Hibernate ORM core version 6.2.6.Final
2024-06-08 14:06:32 - HHH000406: Using bytecode reflection optimizer
2024-06-08 14:06:32 - HHH000021: Bytecode provider name : bytebuddy
2024-06-08 14:06:32 - No LoadTimeWeaver setup: ignoring JPA class transformer
2024-06-08 14:06:32 - HikariPool-1 - Starting...
2024-06-08 14:06:35 - HikariPool-1 - Added connection org.postgresql.jdbc.PgConnection@77f03916
2024-06-08 14:06:35 - HikariPool-1 - Start completed.
2024-06-08 14:06:36 - HHH000021: Bytecode provider name : bytebuddy
2024-06-08 14:06:36 - HHH000490: Using JtaPlatform implementation: [org.hibernate.engine.transaction.jta.platform.internal.NoJtaPlatform]
2024-06-08 14:06:37 - Initialized JPA EntityManagerFactory for persistence unit 'default'
2024-06-08 14:06:38 - Hibernate is in classpath; If applicable, HQL parser will be used.
2024-06-08 14:06:39 - spring.jpa.open-in-view is enabled by default. Therefore, database queries may be performed during view rendering. Explicitly configure spring.jpa.open-in-view to disable this warning
2024-06-08 14:06:40 - Exposing 1 endpoint(s) beneath base path '/actuator'
2024-06-08 14:06:40 - Will secure any request with [org.springframework.security.web.session.DisableEncodeUrlFilter@4704b66a, org.springframework.security.web.context.request.async.WebAsyncManagerIntegrationFilter@70edffdb, org.springframework.security.web.context.SecurityContextHolderFilter@3a07afe6, org.springframework.security.web.header.HeaderWriterFilter@3d1ecf3b, org.springframework.security.web.authentication.logout.LogoutFilter@584f12eb, br.com.projeto.pizzaria.config.JwtAuthenticationFilter@5f5fb335, org.springframework.security.web.savedrequest.RequestCacheAwareFilter@6ca95b1e, org.springframework.security.web.servletapi.SecurityContextHolderAwareRequestFilter@550482aa, org.springframework.security.web.authentication.AnonymousAuthenticationFilter@3d8c499a, org.springframework.security.web.session.SessionManagementFilter@2b5a659f, org.springframework.security.web.access.ExceptionTranslationFilter@274010fe, org.springframework.security.web.access.intercept.AuthorizationFilter@34207fde]
2024-06-08 14:06:41 - Starting ProtocolHandler ["https-jsse-nio-443"]
2024-06-08 14:06:41 - Connector [https-jsse-nio-443], TLS virtual host [_default_], certificate type [UNDEFINED] configured from keystore [C:\Users\Guilherme;.keystore] using alias [pizzariagln] with trust store [null]
2024-06-08 14:06:41 - Tomcat started on port(s): 443 (https) with context path ''
2024-06-08 14:06:41 - Started PizzariaApplication in 13.099 seconds (process running for 13.659)
2024-06-08 14:06:52 - Closing JPA EntityManagerFactory for persistence unit 'default'
2024-06-08 14:06:52 - HikariPool-1 - Shutdown initiated...
2024-06-08 14:06:53 - HikariPool-1 - Shutdown completed.
2024-06-08 14:07:58 - HV000001: Hibernate Validator 8.0.1.Final
2024-06-08 14:07:58 - Starting PizzariaApplication using Java 17.0.8.1 with PID 23296 (C:\Users\Guilherme\Documents\My\Full_Stack_Projects\PizzaErick\backend\target\classes started by Guilherme in C:\Users\Guilherme\Documents\My\Full_Stack_Projects\PizzaErick\backend)
2024-06-08 14:07:58 - No active profile set, falling back to 1 default profile: "default"
2024-06-08 14:07:59 - Bootstrapping Spring Data JPA repositories in DEFAULT mode.
2024-06-08 14:07:59 - Finished Spring Data repository scanning in 72 ms. Found 7 JPA repository interfaces.
2024-06-08 14:08:00 - Tomcat initialized with port(s): 443 (https)
2024-06-08 14:08:00 - Initializing ProtocolHandler ["https-jsse-nio-443"]
2024-06-08 14:08:00 - Starting service [Tomcat]
2024-06-08 14:08:00 - Starting Servlet engine: [Apache Tomcat/10.1.11]
2024-06-08 14:08:00 - Initializing Spring embedded WebApplicationContext
2024-06-08 14:08:00 - Root WebApplicationContext: initialization completed in 2454 ms
2024-06-08 14:08:00 - HHH000204: Processing PersistenceUnitInfo [name: default]
2024-06-08 14:08:00 - HHH000412: Hibernate ORM core version 6.2.6.Final
2024-06-08 14:08:00 - HHH000406: Using bytecode reflection optimizer
2024-06-08 14:08:01 - HHH000021: Bytecode provider name : bytebuddy
2024-06-08 14:08:01 - No LoadTimeWeaver setup: ignoring JPA class transformer
2024-06-08 14:08:01 - HikariPool-1 - Starting...
2024-06-08 14:08:03 - HikariPool-1 - Added connection org.postgresql.jdbc.PgConnection@492c8137
2024-06-08 14:08:03 - HikariPool-1 - Start completed.
2024-06-08 14:08:03 - HHH000021: Bytecode provider name : bytebuddy
2024-06-08 14:08:04 - HHH000490: Using JtaPlatform implementation: [org.hibernate.engine.transaction.jta.platform.internal.NoJtaPlatform]
2024-06-08 14:08:05 - Initialized JPA EntityManagerFactory for persistence unit 'default'
2024-06-08 14:08:06 - Hibernate is in classpath; If applicable, HQL parser will be used.
2024-06-08 14:08:07 - spring.jpa.open-in-view is enabled by default. Therefore, database queries may be performed during view rendering. Explicitly configure spring.jpa.open-in-view to disable this warning
2024-06-08 14:08:08 - Exposing 1 endpoint(s) beneath base path '/actuator'
2024-06-08 14:08:08 - Will secure any request with [org.springframework.security.web.session.DisableEncodeUrlFilter@4b76a0f4, org.springframework.security.web.context.request.async.WebAsyncManagerIntegrationFilter@442612a6, org.springframework.security.web.context.SecurityContextHolderFilter@6375af2a, org.springframework.security.web.header.HeaderWriterFilter@6752d7fc, org.springframework.security.web.authentication.logout.LogoutFilter@1bab3926, br.com.projeto.pizzaria.config.JwtAuthenticationFilter@48543f11, org.springframework.security.web.savedrequest.RequestCacheAwareFilter@67f07fa1, org.springframework.security.web.servletapi.SecurityContextHolderAwareRequestFilter@3a4ddaed, org.springframework.security.web.authentication.AnonymousAuthenticationFilter@65314e4, org.springframework.security.web.session.SessionManagementFilter@794a3410, org.springframework.security.web.access.ExceptionTranslationFilter@eb9b76c, org.springframework.security.web.access.intercept.AuthorizationFilter@467924d8]
2024-06-08 14:08:08 - Starting ProtocolHandler ["https-jsse-nio-443"]
2024-06-08 14:08:08 - Connector [https-jsse-nio-443], TLS virtual host [_default_], certificate type [UNDEFINED] configured from keystore [C:\Users\Guilherme;.keystore] using alias [pizzariagln] with trust store [null]
2024-06-08 14:08:08 - Tomcat started on port(s): 443 (https) with context path ''
2024-06-08 14:08:08 - Started PizzariaApplication in 11.376 seconds (process running for 11.824)
2024-06-08 14:08:29 - Closing JPA EntityManagerFactory for persistence unit 'default'
2024-06-08 14:08:29 - HikariPool-1 - Shutdown initiated...
2024-06-08 14:08:31 - HikariPool-1 - Shutdown completed.
2024-06-08 14:12:06 - HV000001: Hibernate Validator 8.0.1.Final
2024-06-08 14:12:06 - Starting PizzariaApplication using Java 17.0.8.1 with PID 20024 (C:\Users\Guilherme\Documents\My\Full_Stack_Projects\PizzaErick\backend\target\classes started by Guilherme in C:\Users\Guilherme\Documents\My\Full_Stack_Projects\PizzaErick\backend)
2024-06-08 14:12:06 - No active profile set, falling back to 1 default profile: "default"
2024-06-08 14:12:07 - Bootstrapping Spring Data JPA repositories in DEFAULT mode.
2024-06-08 14:12:07 - Finished Spring Data repository scanning in 87 ms. Found 7 JPA repository interfaces.
2024-06-08 14:12:08 - Tomcat initialized with port(s): 443 (https)
2024-06-08 14:12:08 - Initializing ProtocolHandler ["https-jsse-nio-443"]
2024-06-08 14:12:08 - Starting service [Tomcat]
2024-06-08 14:12:08 - Starting Servlet engine: [Apache Tomcat/10.1.11]
2024-06-08 14:12:09 - Initializing Spring embedded WebApplicationContext
2024-06-08 14:12:09 - Root WebApplicationContext: initialization completed in 2617 ms
2024-06-08 14:12:09 - HHH000204: Processing PersistenceUnitInfo [name: default]
2024-06-08 14:12:09 - HHH000412: Hibernate ORM core version 6.2.6.Final
2024-06-08 14:12:09 - HHH000406: Using bytecode reflection optimizer
2024-06-08 14:12:09 - HHH000021: Bytecode provider name : bytebuddy
2024-06-08 14:12:09 - No LoadTimeWeaver setup: ignoring JPA class transformer
2024-06-08 14:12:09 - HikariPool-1 - Starting...
2024-06-08 14:12:11 - HikariPool-1 - Added connection org.postgresql.jdbc.PgConnection@420b55ed
2024-06-08 14:12:11 - HikariPool-1 - Start completed.
2024-06-08 14:12:12 - HHH000021: Bytecode provider name : bytebuddy
2024-06-08 14:12:13 - HHH000490: Using JtaPlatform implementation: [org.hibernate.engine.transaction.jta.platform.internal.NoJtaPlatform]
2024-06-08 14:12:14 - Initialized JPA EntityManagerFactory for persistence unit 'default'
2024-06-08 14:12:15 - Hibernate is in classpath; If applicable, HQL parser will be used.
2024-06-08 14:12:16 - spring.jpa.open-in-view is enabled by default. Therefore, database queries may be performed during view rendering. Explicitly configure spring.jpa.open-in-view to disable this warning
2024-06-08 14:12:17 - Exposing 1 endpoint(s) beneath base path '/actuator'
2024-06-08 14:12:17 - Will secure any request with [org.springframework.security.web.session.DisableEncodeUrlFilter@300cdf3f, org.springframework.security.web.context.request.async.WebAsyncManagerIntegrationFilter@2b75b77d, org.springframework.security.web.context.SecurityContextHolderFilter@484313a6, org.springframework.security.web.header.HeaderWriterFilter@6f14ce3, org.springframework.security.web.authentication.logout.LogoutFilter@2e2d7dc, br.com.projeto.pizzaria.config.JwtAuthenticationFilter@cda988, org.springframework.security.web.savedrequest.RequestCacheAwareFilter@763960eb, org.springframework.security.web.servletapi.SecurityContextHolderAwareRequestFilter@467924d8, org.springframework.security.web.authentication.AnonymousAuthenticationFilter@4552f89f, org.springframework.security.web.session.SessionManagementFilter@1cd97ebe, org.springframework.security.web.access.ExceptionTranslationFilter@686a192d, org.springframework.security.web.access.intercept.AuthorizationFilter@38c464df]
2024-06-08 14:12:18 - Starting ProtocolHandler ["https-jsse-nio-443"]
2024-06-08 14:12:18 - Connector [https-jsse-nio-443], TLS virtual host [_default_], certificate type [UNDEFINED] configured from keystore [C:\Users\Guilherme;.keystore] using alias [pizzariagln] with trust store [null]
2024-06-08 14:12:18 - Tomcat started on port(s): 443 (https) with context path ''
2024-06-08 14:12:18 - Started PizzariaApplication in 12.829 seconds (process running for 13.272)
2024-06-08 14:12:21 - Closing JPA EntityManagerFactory for persistence unit 'default'
2024-06-08 14:12:21 - HikariPool-1 - Shutdown initiated...
2024-06-08 14:12:22 - HikariPool-1 - Shutdown completed.
