
  .   ____          _            __ _ _
 /\\ / ___'_ __ _ _(_)_ __  __ _ \ \ \ \
( ( )\___ | '_ | '_| | '_ \/ _` | \ \ \ \
 \\/  ___)| |_)| | | | | || (_| |  ) ) ) )
  '  |____| .__|_| |_|_| |_\__, | / / / /
 =========|_|==============|___/=/_/_/_/
 :: Spring Boot ::                (v3.1.2)

2024-05-07T21:42:29.777-03:00  INFO 3846 --- [           main] b.c.p.pizzaria.PizzariaApplication       : Starting PizzariaApplication v0.0.1-SNAPSHOT using Java 17.0.10 with PID 3846 (/etc/mensal/Pizzaria_BackEnd_new/target/pizzaria-0.0.1-SNAPSHOT.jar started by root in /etc/mensal/Pizzaria_BackEnd_new)
2024-05-07T21:42:29.789-03:00  INFO 3846 --- [           main] b.c.p.pizzaria.PizzariaApplication       : No active profile set, falling back to 1 default profile: "default"
2024-05-07T21:42:33.749-03:00  INFO 3846 --- [           main] .s.d.r.c.RepositoryConfigurationDelegate : Bootstrapping Spring Data JPA repositories in DEFAULT mode.
2024-05-07T21:42:33.987-03:00  INFO 3846 --- [           main] .s.d.r.c.RepositoryConfigurationDelegate : Finished Spring Data repository scanning in 213 ms. Found 7 JPA repository interfaces.
2024-05-07T21:42:36.362-03:00  INFO 3846 --- [           main] o.s.b.w.embedded.tomcat.TomcatWebServer  : Tomcat initialized with port(s): 443 (https)
2024-05-07T21:42:36.409-03:00  INFO 3846 --- [           main] o.apache.catalina.core.StandardService   : Starting service [Tomcat]
2024-05-07T21:42:36.410-03:00  INFO 3846 --- [           main] o.apache.catalina.core.StandardEngine    : Starting Servlet engine: [Apache Tomcat/10.1.11]
2024-05-07T21:42:36.641-03:00  INFO 3846 --- [           main] o.a.c.c.C.[Tomcat].[localhost].[/]       : Initializing Spring embedded WebApplicationContext
2024-05-07T21:42:36.645-03:00  INFO 3846 --- [           main] w.s.c.ServletWebServerApplicationContext : Root WebApplicationContext: initialization completed in 6596 ms
2024-05-07T21:42:37.004-03:00  INFO 3846 --- [           main] com.zaxxer.hikari.HikariDataSource       : HikariPool-1 - Starting...
2024-05-07T21:42:37.365-03:00  INFO 3846 --- [           main] com.zaxxer.hikari.pool.HikariPool        : HikariPool-1 - Added connection org.postgresql.jdbc.PgConnection@4593ff34
2024-05-07T21:42:37.370-03:00  INFO 3846 --- [           main] com.zaxxer.hikari.HikariDataSource       : HikariPool-1 - Start completed.
2024-05-07T21:42:37.593-03:00  INFO 3846 --- [           main] o.hibernate.jpa.internal.util.LogHelper  : HHH000204: Processing PersistenceUnitInfo [name: default]
2024-05-07T21:42:37.790-03:00  INFO 3846 --- [           main] org.hibernate.Version                    : HHH000412: Hibernate ORM core version 6.2.6.Final
2024-05-07T21:42:37.797-03:00  INFO 3846 --- [           main] org.hibernate.cfg.Environment            : HHH000406: Using bytecode reflection optimizer
2024-05-07T21:42:38.232-03:00  INFO 3846 --- [           main] o.h.b.i.BytecodeProviderInitiator        : HHH000021: Bytecode provider name : bytebuddy
2024-05-07T21:42:38.766-03:00  INFO 3846 --- [           main] o.s.o.j.p.SpringPersistenceUnitInfo      : No LoadTimeWeaver setup: ignoring JPA class transformer
2024-05-07T21:42:39.654-03:00  INFO 3846 --- [           main] o.h.b.i.BytecodeProviderInitiator        : HHH000021: Bytecode provider name : bytebuddy
2024-05-07T21:42:41.546-03:00  INFO 3846 --- [           main] o.h.e.t.j.p.i.JtaPlatformInitiator       : HHH000490: Using JtaPlatform implementation: [org.hibernate.engine.transaction.jta.platform.internal.NoJtaPlatform]
Hibernate: alter table if exists item alter column valor set data type float4
Hibernate: alter table if exists pedido alter column valor_total set data type float4
2024-05-07T21:42:41.984-03:00  INFO 3846 --- [           main] j.LocalContainerEntityManagerFactoryBean : Initialized JPA EntityManagerFactory for persistence unit 'default'
2024-05-07T21:42:43.296-03:00  INFO 3846 --- [           main] o.s.d.j.r.query.QueryEnhancerFactory     : Hibernate is in classpath; If applicable, HQL parser will be used.
2024-05-07T21:42:45.872-03:00  WARN 3846 --- [           main] JpaBaseConfiguration$JpaWebConfiguration : spring.jpa.open-in-view is enabled by default. Therefore, database queries may be performed during view rendering. Explicitly configure spring.jpa.open-in-view to disable this warning
2024-05-07T21:42:48.439-03:00  INFO 3846 --- [           main] o.s.s.web.DefaultSecurityFilterChain     : Will secure any request with [org.springframework.security.web.session.DisableEncodeUrlFilter@315b4202, org.springframework.security.web.context.request.async.WebAsyncManagerIntegrationFilter@58e03769, org.springframework.security.web.context.SecurityContextHolderFilter@619c3546, org.springframework.security.web.header.HeaderWriterFilter@67a8bcbb, org.springframework.security.web.authentication.logout.LogoutFilter@faec277, br.com.projeto.pizzaria.config.JwtAuthenticationFilter@591a4f8e, org.springframework.security.web.savedrequest.RequestCacheAwareFilter@30cafd13, org.springframework.security.web.servletapi.SecurityContextHolderAwareRequestFilter@1d944fc0, org.springframework.security.web.authentication.AnonymousAuthenticationFilter@5a899811, org.springframework.security.web.session.SessionManagementFilter@273dec10, org.springframework.security.web.access.ExceptionTranslationFilter@6f0a4e30, org.springframework.security.web.access.intercept.AuthorizationFilter@2499b971]
2024-05-07T21:42:49.843-03:00  INFO 3846 --- [           main] o.a.t.util.net.NioEndpoint.certificate   : Connector [https-jsse-nio-443], TLS virtual host [_default_], certificate type [UNDEFINED] configured from keystore [/root:.keystore] using alias [1] with trust store [null]
2024-05-07T21:42:49.898-03:00  INFO 3846 --- [           main] o.s.b.w.embedded.tomcat.TomcatWebServer  : Tomcat started on port(s): 443 (https) with context path ''
2024-05-07T21:42:49.947-03:00  INFO 3846 --- [           main] b.c.p.pizzaria.PizzariaApplication       : Started PizzariaApplication in 21.808 seconds (process running for 23.205)
2024-05-07T21:42:53.963-03:00  INFO 3846 --- [ionShutdownHook] j.LocalContainerEntityManagerFactoryBean : Closing JPA EntityManagerFactory for persistence unit 'default'
2024-05-07T21:42:53.970-03:00  INFO 3846 --- [ionShutdownHook] com.zaxxer.hikari.HikariDataSource       : HikariPool-1 - Shutdown initiated...
2024-05-07T21:42:53.998-03:00  INFO 3846 --- [ionShutdownHook] com.zaxxer.hikari.HikariDataSource       : HikariPool-1 - Shutdown completed.
